2016-09-02 12:52:05 INFO  TranslatorCore:28 - Loading COnfigurations
2016-09-02 12:52:05 INFO  TranslatorCore:33 - Configurations loaded
2016-09-02 12:52:05 INFO  TranslatorCore:35 - Loading placement plugins
2016-09-02 12:53:21 INFO  TranslatorCore:28 - Loading COnfigurations
2016-09-02 12:53:21 INFO  TranslatorCore:33 - Configurations loaded
2016-09-02 12:53:21 INFO  TranslatorCore:35 - Loading placement plugins
2016-09-02 12:55:12 INFO  TranslatorCore:28 - Loading COnfigurations
2016-09-02 12:55:13 INFO  TranslatorCore:33 - Configurations loaded
2016-09-02 12:55:13 INFO  TranslatorCore:35 - Loading placement plugins
2016-09-02 13:00:20 INFO  TranslatorCore:28 - Loading COnfigurations
2016-09-02 13:00:20 INFO  TranslatorCore:33 - Configurations loaded
2016-09-02 13:00:20 INFO  TranslatorCore:35 - Loading placement plugins
2016-09-02 13:03:17 INFO  TranslatorCore:28 - Loading COnfigurations
2016-09-02 13:03:17 INFO  TranslatorCore:33 - Configurations loaded
2016-09-02 13:03:17 INFO  TranslatorCore:35 - Loading placement plugins
2016-09-02 13:03:17 INFO  RestInterfaceServerApi:180 - Content Length is localhost 8080
2016-09-02 13:03:38 INFO  TranslatorCore:28 - Loading COnfigurations
2016-09-02 13:03:38 INFO  TranslatorCore:33 - Configurations loaded
2016-09-02 13:03:38 INFO  TranslatorCore:35 - Loading placement plugins
2016-09-02 13:03:38 DEBUG RestInterfaceServerApi:180 - Content Length is localhost 8080
2016-09-02 13:09:17 INFO  TranslatorCore:28 - Loading COnfigurations
2016-09-02 13:09:17 INFO  TranslatorCore:33 - Configurations loaded
2016-09-02 13:09:17 INFO  TranslatorCore:35 - Loading placement plugins
2016-09-02 13:11:56 INFO  TranslatorCore:28 - Loading COnfigurations
2016-09-02 13:11:56 INFO  TranslatorCore:33 - Configurations loaded
2016-09-02 13:11:56 INFO  TranslatorCore:35 - Loading placement plugins
2016-09-02 13:11:56 DEBUG RestInterfaceServerApi:180 - Content Length is localhost 8080
2016-09-02 13:13:46 INFO  TranslatorCore:28 - Loading COnfigurations
2016-09-02 13:13:46 INFO  TranslatorCore:33 - Configurations loaded
2016-09-02 13:13:46 INFO  TranslatorCore:35 - Loading placement plugins
2016-09-02 13:14:32 INFO  TranslatorCore:28 - Loading COnfigurations
2016-09-02 13:14:32 INFO  TranslatorCore:33 - Configurations loaded
2016-09-02 13:14:32 INFO  TranslatorCore:35 - Loading placement plugins
2016-09-02 13:14:52 INFO  TranslatorCore:28 - Loading COnfigurations
2016-09-02 13:14:52 INFO  TranslatorCore:33 - Configurations loaded
2016-09-02 13:14:52 INFO  TranslatorCore:35 - Loading placement plugins
2016-09-02 13:16:00 INFO  TranslatorCore:28 - Loading COnfigurations
2016-09-02 13:16:00 INFO  TranslatorCore:33 - Configurations loaded
2016-09-02 13:16:00 INFO  TranslatorCore:35 - Loading placement plugins
